[     523ms] [WARNING] Skipped "*/*" because it is not a valid MIME type. Check https://developer.mozilla.org/en-US/docs/Web/HTTP/Basics_of_HTTP/MIME_types/Common_types for a list of valid MIME types. @ http://localhost:8000/assets/index-CRSpZLJs.js:9207
[     531ms] [WARNING] Skipped "*/*" because it is not a valid MIME type. Check https://developer.mozilla.org/en-US/docs/Web/HTTP/Basics_of_HTTP/MIME_types/Common_types for a list of valid MIME types. @ http://localhost:8000/assets/index-CRSpZLJs.js:9207
[     553ms] [WARNING] Skipped "*/*" because it is not a valid MIME type. Check https://developer.mozilla.org/en-US/docs/Web/HTTP/Basics_of_HTTP/MIME_types/Common_types for a list of valid MIME types. @ http://localhost:8000/assets/index-CRSpZLJs.js:9207
[     759ms] [WARNING] Skipped "*/*" because it is not a valid MIME type. Check https://developer.mozilla.org/en-US/docs/Web/HTTP/Basics_of_HTTP/MIME_types/Common_types for a list of valid MIME types. @ http://localhost:8000/assets/index-CRSpZLJs.js:9207
[     761ms] [WARNING] Skipped "*/*" because it is not a valid MIME type. Check https://developer.mozilla.org/en-US/docs/Web/HTTP/Basics_of_HTTP/MIME_types/Common_types for a list of valid MIME types. @ http://localhost:8000/assets/index-CRSpZLJs.js:9207
[     777ms] [WARNING] Skipped "*/*" because it is not a valid MIME type. Check https://developer.mozilla.org/en-US/docs/Web/HTTP/Basics_of_HTTP/MIME_types/Common_types for a list of valid MIME types. @ http://localhost:8000/assets/index-CRSpZLJs.js:9207
[     778ms] [WARNING] Skipped "*/*" because it is not a valid MIME type. Check https://developer.mozilla.org/en-US/docs/Web/HTTP/Basics_of_HTTP/MIME_types/Common_types for a list of valid MIME types. @ http://localhost:8000/assets/index-CRSpZLJs.js:9207
[     782ms] [ERROR] WebSocket connection to 'ws://localhost:8000/ws/socket.io/?EIO=4&transport=websocket&sid=xvl4mg5pnzTE4-rlAAAE' failed: Error during WebSocket handshake: Unexpected response code: 500 @ http://localhost:8000/assets/index-CRSpZLJs.js:103
[    2689ms] [WARNING] Skipped "*/*" because it is not a valid MIME type. Check https://developer.mozilla.org/en-US/docs/Web/HTTP/Basics_of_HTTP/MIME_types/Common_types for a list of valid MIME types. @ http://localhost:8000/assets/index-CRSpZLJs.js:9207
[    2691ms] [WARNING] Skipped "*/*" because it is not a valid MIME type. Check https://developer.mozilla.org/en-US/docs/Web/HTTP/Basics_of_HTTP/MIME_types/Common_types for a list of valid MIME types. @ http://localhost:8000/assets/index-CRSpZLJs.js:9207
[    3963ms] [WARNING] Skipped "*/*" because it is not a valid MIME type. Check https://developer.mozilla.org/en-US/docs/Web/HTTP/Basics_of_HTTP/MIME_types/Common_types for a list of valid MIME types. @ http://localhost:8000/assets/index-CRSpZLJs.js:9207
[    3977ms] [WARNING] Skipped "*/*" because it is not a valid MIME type. Check https://developer.mozilla.org/en-US/docs/Web/HTTP/Basics_of_HTTP/MIME_types/Common_types for a list of valid MIME types. @ http://localhost:8000/assets/index-CRSpZLJs.js:9207
[    4000ms] [WARNING] Skipped "*/*" because it is not a valid MIME type. Check https://developer.mozilla.org/en-US/docs/Web/HTTP/Basics_of_HTTP/MIME_types/Common_types for a list of valid MIME types. @ http://localhost:8000/assets/index-CRSpZLJs.js:9207
[    4002ms] [WARNING] Skipped "*/*" because it is not a valid MIME type. Check https://developer.mozilla.org/en-US/docs/Web/HTTP/Basics_of_HTTP/MIME_types/Common_types for a list of valid MIME types. @ http://localhost:8000/assets/index-CRSpZLJs.js:9207
[    4005ms] [WARNING] Skipped "*/*" because it is not a valid MIME type. Check https://developer.mozilla.org/en-US/docs/Web/HTTP/Basics_of_HTTP/MIME_types/Common_types for a list of valid MIME types. @ http://localhost:8000/assets/index-CRSpZLJs.js:9207
[    4010ms] [WARNING] Skipped "*/*" because it is not a valid MIME type. Check https://developer.mozilla.org/en-US/docs/Web/HTTP/Basics_of_HTTP/MIME_types/Common_types for a list of valid MIME types. @ http://localhost:8000/assets/index-CRSpZLJs.js:9207
[    4012ms] [WARNING] Skipped "*/*" because it is not a valid MIME type. Check https://developer.mozilla.org/en-US/docs/Web/HTTP/Basics_of_HTTP/MIME_types/Common_types for a list of valid MIME types. @ http://localhost:8000/assets/index-CRSpZLJs.js:9207
[  117519ms] [WARNING] Skipped "*/*" because it is not a valid MIME type. Check https://developer.mozilla.org/en-US/docs/Web/HTTP/Basics_of_HTTP/MIME_types/Common_types for a list of valid MIME types. @ http://localhost:8000/assets/index-CRSpZLJs.js:9207
[  117522ms] [WARNING] Skipped "*/*" because it is not a valid MIME type. Check https://developer.mozilla.org/en-US/docs/Web/HTTP/Basics_of_HTTP/MIME_types/Common_types for a list of valid MIME types. @ http://localhost:8000/assets/index-CRSpZLJs.js:9207
[  117529ms] [WARNING] Skipped "*/*" because it is not a valid MIME type. Check https://developer.mozilla.org/en-US/docs/Web/HTTP/Basics_of_HTTP/MIME_types/Common_types for a list of valid MIME types. @ http://localhost:8000/assets/index-CRSpZLJs.js:9207
[  117533ms] [WARNING] Skipped "*/*" because it is not a valid MIME type. Check https://developer.mozilla.org/en-US/docs/Web/HTTP/Basics_of_HTTP/MIME_types/Common_types for a list of valid MIME types. @ http://localhost:8000/assets/index-CRSpZLJs.js:9207
[  179268ms] [WARNING] Skipped "*/*" because it is not a valid MIME type. Check https://developer.mozilla.org/en-US/docs/Web/HTTP/Basics_of_HTTP/MIME_types/Common_types for a list of valid MIME types. @ http://localhost:8000/assets/index-CRSpZLJs.js:9207
[  179818ms] [WARNING] Skipped "*/*" because it is not a valid MIME type. Check https://developer.mozilla.org/en-US/docs/Web/HTTP/Basics_of_HTTP/MIME_types/Common_types for a list of valid MIME types. @ http://localhost:8000/assets/index-CRSpZLJs.js:9207
[  179825ms] [WARNING] Skipped "*/*" because it is not a valid MIME type. Check https://developer.mozilla.org/en-US/docs/Web/HTTP/Basics_of_HTTP/MIME_types/Common_types for a list of valid MIME types. @ http://localhost:8000/assets/index-CRSpZLJs.js:9207
[  179837ms] [WARNING] Skipped "*/*" because it is not a valid MIME type. Check https://developer.mozilla.org/en-US/docs/Web/HTTP/Basics_of_HTTP/MIME_types/Common_types for a list of valid MIME types. @ http://localhost:8000/assets/index-CRSpZLJs.js:9207
[  179840ms] [WARNING] Skipped "*/*" because it is not a valid MIME type. Check https://developer.mozilla.org/en-US/docs/Web/HTTP/Basics_of_HTTP/MIME_types/Common_types for a list of valid MIME types. @ http://localhost:8000/assets/index-CRSpZLJs.js:9207
[  179880ms] [WARNING] Skipped "*/*" because it is not a valid MIME type. Check https://developer.mozilla.org/en-US/docs/Web/HTTP/Basics_of_HTTP/MIME_types/Common_types for a list of valid MIME types. @ http://localhost:8000/assets/index-CRSpZLJs.js:9207
[  179883ms] [WARNING] Skipped "*/*" because it is not a valid MIME type. Check https://developer.mozilla.org/en-US/docs/Web/HTTP/Basics_of_HTTP/MIME_types/Common_types for a list of valid MIME types. @ http://localhost:8000/assets/index-CRSpZLJs.js:9207
[  186051ms] [WARNING] Skipped "*/*" because it is not a valid MIME type. Check https://developer.mozilla.org/en-US/docs/Web/HTTP/Basics_of_HTTP/MIME_types/Common_types for a list of valid MIME types. @ http://localhost:8000/assets/index-CRSpZLJs.js:9207
[  186054ms] [WARNING] Skipped "*/*" because it is not a valid MIME type. Check https://developer.mozilla.org/en-US/docs/Web/HTTP/Basics_of_HTTP/MIME_types/Common_types for a list of valid MIME types. @ http://localhost:8000/assets/index-CRSpZLJs.js:9207
[  186060ms] [WARNING] Skipped "*/*" because it is not a valid MIME type. Check https://developer.mozilla.org/en-US/docs/Web/HTTP/Basics_of_HTTP/MIME_types/Common_types for a list of valid MIME types. @ http://localhost:8000/assets/index-CRSpZLJs.js:9207
[  186065ms] [WARNING] Skipped "*/*" because it is not a valid MIME type. Check https://developer.mozilla.org/en-US/docs/Web/HTTP/Basics_of_HTTP/MIME_types/Common_types for a list of valid MIME types. @ http://localhost:8000/assets/index-CRSpZLJs.js:9207
[  214576ms] [WARNING] Skipped "*/*" because it is not a valid MIME type. Check https://developer.mozilla.org/en-US/docs/Web/HTTP/Basics_of_HTTP/MIME_types/Common_types for a list of valid MIME types. @ http://localhost:8000/assets/index-CRSpZLJs.js:9207
[  214660ms] [WARNING] Skipped "*/*" because it is not a valid MIME type. Check https://developer.mozilla.org/en-US/docs/Web/HTTP/Basics_of_HTTP/MIME_types/Common_types for a list of valid MIME types. @ http://localhost:8000/assets/index-CRSpZLJs.js:9207
[  214958ms] [WARNING] Skipped "*/*" because it is not a valid MIME type. Check https://developer.mozilla.org/en-US/docs/Web/HTTP/Basics_of_HTTP/MIME_types/Common_types for a list of valid MIME types. @ http://localhost:8000/assets/index-CRSpZLJs.js:9207
[  215263ms] [WARNING] Skipped "*/*" because it is not a valid MIME type. Check https://developer.mozilla.org/en-US/docs/Web/HTTP/Basics_of_HTTP/MIME_types/Common_types for a list of valid MIME types. @ http://localhost:8000/assets/index-CRSpZLJs.js:9207
[  215363ms] [WARNING] Skipped "*/*" because it is not a valid MIME type. Check https://developer.mozilla.org/en-US/docs/Web/HTTP/Basics_of_HTTP/MIME_types/Common_types for a list of valid MIME types. @ http://localhost:8000/assets/index-CRSpZLJs.js:9207
[  215543ms] [WARNING] Skipped "*/*" because it is not a valid MIME type. Check https://developer.mozilla.org/en-US/docs/Web/HTTP/Basics_of_HTTP/MIME_types/Common_types for a list of valid MIME types. @ http://localhost:8000/assets/index-CRSpZLJs.js:9207
[  215688ms] [WARNING] Skipped "*/*" because it is not a valid MIME type. Check https://developer.mozilla.org/en-US/docs/Web/HTTP/Basics_of_HTTP/MIME_types/Common_types for a list of valid MIME types. @ http://localhost:8000/assets/index-CRSpZLJs.js:9207
[  215839ms] [WARNING] Skipped "*/*" because it is not a valid MIME type. Check https://developer.mozilla.org/en-US/docs/Web/HTTP/Basics_of_HTTP/MIME_types/Common_types for a list of valid MIME types. @ http://localhost:8000/assets/index-CRSpZLJs.js:9207
[  216139ms] [WARNING] Skipped "*/*" because it is not a valid MIME type. Check https://developer.mozilla.org/en-US/docs/Web/HTTP/Basics_of_HTTP/MIME_types/Common_types for a list of valid MIME types. @ http://localhost:8000/assets/index-CRSpZLJs.js:9207
[  216145ms] [WARNING] Skipped "*/*" because it is not a valid MIME type. Check https://developer.mozilla.org/en-US/docs/Web/HTTP/Basics_of_HTTP/MIME_types/Common_types for a list of valid MIME types. @ http://localhost:8000/assets/index-CRSpZLJs.js:9207
[  216157ms] [WARNING] Skipped "*/*" because it is not a valid MIME type. Check https://developer.mozilla.org/en-US/docs/Web/HTTP/Basics_of_HTTP/MIME_types/Common_types for a list of valid MIME types. @ http://localhost:8000/assets/index-CRSpZLJs.js:9207
[  216162ms] [WARNING] Skipped "*/*" because it is not a valid MIME type. Check https://developer.mozilla.org/en-US/docs/Web/HTTP/Basics_of_HTTP/MIME_types/Common_types for a list of valid MIME types. @ http://localhost:8000/assets/index-CRSpZLJs.js:9207
[  216209ms] [WARNING] Skipped "*/*" because it is not a valid MIME type. Check https://developer.mozilla.org/en-US/docs/Web/HTTP/Basics_of_HTTP/MIME_types/Common_types for a list of valid MIME types. @ http://localhost:8000/assets/index-CRSpZLJs.js:9207
[  216211ms] [WARNING] Skipped "*/*" because it is not a valid MIME type. Check https://developer.mozilla.org/en-US/docs/Web/HTTP/Basics_of_HTTP/MIME_types/Common_types for a list of valid MIME types. @ http://localhost:8000/assets/index-CRSpZLJs.js:9207
[  217714ms] [WARNING] Skipped "*/*" because it is not a valid MIME type. Check https://developer.mozilla.org/en-US/docs/Web/HTTP/Basics_of_HTTP/MIME_types/Common_types for a list of valid MIME types. @ http://localhost:8000/assets/index-CRSpZLJs.js:9207
[  217718ms] [WARNING] Skipped "*/*" because it is not a valid MIME type. Check https://developer.mozilla.org/en-US/docs/Web/HTTP/Basics_of_HTTP/MIME_types/Common_types for a list of valid MIME types. @ http://localhost:8000/assets/index-CRSpZLJs.js:9207
[  217819ms] [WARNING] Skipped "*/*" because it is not a valid MIME type. Check https://developer.mozilla.org/en-US/docs/Web/HTTP/Basics_of_HTTP/MIME_types/Common_types for a list of valid MIME types. @ http://localhost:8000/assets/index-CRSpZLJs.js:9207
[  217823ms] [WARNING] Skipped "*/*" because it is not a valid MIME type. Check https://developer.mozilla.org/en-US/docs/Web/HTTP/Basics_of_HTTP/MIME_types/Common_types for a list of valid MIME types. @ http://localhost:8000/assets/index-CRSpZLJs.js:9207
[  223503ms] [WARNING] Skipped "*/*" because it is not a valid MIME type. Check https://developer.mozilla.org/en-US/docs/Web/HTTP/Basics_of_HTTP/MIME_types/Common_types for a list of valid MIME types. @ http://localhost:8000/assets/index-CRSpZLJs.js:9207
[  223517ms] [WARNING] Skipped "*/*" because it is not a valid MIME type. Check https://developer.mozilla.org/en-US/docs/Web/HTTP/Basics_of_HTTP/MIME_types/Common_types for a list of valid MIME types. @ http://localhost:8000/assets/index-CRSpZLJs.js:9207
[  223534ms] [WARNING] Skipped "*/*" because it is not a valid MIME type. Check https://developer.mozilla.org/en-US/docs/Web/HTTP/Basics_of_HTTP/MIME_types/Common_types for a list of valid MIME types. @ http://localhost:8000/assets/index-CRSpZLJs.js:9207
[  223540ms] [WARNING] Skipped "*/*" because it is not a valid MIME type. Check https://developer.mozilla.org/en-US/docs/Web/HTTP/Basics_of_HTTP/MIME_types/Common_types for a list of valid MIME types. @ http://localhost:8000/assets/index-CRSpZLJs.js:9207
[  272486ms] [WARNING] Skipped "*/*" because it is not a valid MIME type. Check https://developer.mozilla.org/en-US/docs/Web/HTTP/Basics_of_HTTP/MIME_types/Common_types for a list of valid MIME types. @ http://localhost:8000/assets/index-CRSpZLJs.js:9207
[  272496ms] [WARNING] Skipped "*/*" because it is not a valid MIME type. Check https://developer.mozilla.org/en-US/docs/Web/HTTP/Basics_of_HTTP/MIME_types/Common_types for a list of valid MIME types. @ http://localhost:8000/assets/index-CRSpZLJs.js:9207
[  272500ms] [WARNING] Skipped "*/*" because it is not a valid MIME type. Check https://developer.mozilla.org/en-US/docs/Web/HTTP/Basics_of_HTTP/MIME_types/Common_types for a list of valid MIME types. @ http://localhost:8000/assets/index-CRSpZLJs.js:9207
[  272509ms] [WARNING] Skipped "*/*" because it is not a valid MIME type. Check https://developer.mozilla.org/en-US/docs/Web/HTTP/Basics_of_HTTP/MIME_types/Common_types for a list of valid MIME types. @ http://localhost:8000/assets/index-CRSpZLJs.js:9207
[  272514ms] [WARNING] Skipped "*/*" because it is not a valid MIME type. Check https://developer.mozilla.org/en-US/docs/Web/HTTP/Basics_of_HTTP/MIME_types/Common_types for a list of valid MIME types. @ http://localhost:8000/assets/index-CRSpZLJs.js:9207
[  272558ms] [WARNING] Skipped "*/*" because it is not a valid MIME type. Check https://developer.mozilla.org/en-US/docs/Web/HTTP/Basics_of_HTTP/MIME_types/Common_types for a list of valid MIME types. @ http://localhost:8000/assets/index-CRSpZLJs.js:9207
[  272560ms] [WARNING] Skipped "*/*" because it is not a valid MIME type. Check https://developer.mozilla.org/en-US/docs/Web/HTTP/Basics_of_HTTP/MIME_types/Common_types for a list of valid MIME types. @ http://localhost:8000/assets/index-CRSpZLJs.js:9207
[  276146ms] [WARNING] Skipped "*/*" because it is not a valid MIME type. Check https://developer.mozilla.org/en-US/docs/Web/HTTP/Basics_of_HTTP/MIME_types/Common_types for a list of valid MIME types. @ http://localhost:8000/assets/index-CRSpZLJs.js:9207
[  276152ms] [WARNING] Skipped "*/*" because it is not a valid MIME type. Check https://developer.mozilla.org/en-US/docs/Web/HTTP/Basics_of_HTTP/MIME_types/Common_types for a list of valid MIME types. @ http://localhost:8000/assets/index-CRSpZLJs.js:9207
[  276206ms] [WARNING] Skipped "*/*" because it is not a valid MIME type. Check https://developer.mozilla.org/en-US/docs/Web/HTTP/Basics_of_HTTP/MIME_types/Common_types for a list of valid MIME types. @ http://localhost:8000/assets/index-CRSpZLJs.js:9207
[  276210ms] [WARNING] Skipped "*/*" because it is not a valid MIME type. Check https://developer.mozilla.org/en-US/docs/Web/HTTP/Basics_of_HTTP/MIME_types/Common_types for a list of valid MIME types. @ http://localhost:8000/assets/index-CRSpZLJs.js:9207
[  278175ms] [WARNING] Skipped "*/*" because it is not a valid MIME type. Check https://developer.mozilla.org/en-US/docs/Web/HTTP/Basics_of_HTTP/MIME_types/Common_types for a list of valid MIME types. @ http://localhost:8000/assets/index-CRSpZLJs.js:9207
[  278180ms] [WARNING] Skipped "*/*" because it is not a valid MIME type. Check https://developer.mozilla.org/en-US/docs/Web/HTTP/Basics_of_HTTP/MIME_types/Common_types for a list of valid MIME types. @ http://localhost:8000/assets/index-CRSpZLJs.js:9207
[  278188ms] [WARNING] Skipped "*/*" because it is not a valid MIME type. Check https://developer.mozilla.org/en-US/docs/Web/HTTP/Basics_of_HTTP/MIME_types/Common_types for a list of valid MIME types. @ http://localhost:8000/assets/index-CRSpZLJs.js:9207
[  278192ms] [WARNING] Skipped "*/*" because it is not a valid MIME type. Check https://developer.mozilla.org/en-US/docs/Web/HTTP/Basics_of_HTTP/MIME_types/Common_types for a list of valid MIME types. @ http://localhost:8000/assets/index-CRSpZLJs.js:9207
[  278199ms] [WARNING] Skipped "*/*" because it is not a valid MIME type. Check https://developer.mozilla.org/en-US/docs/Web/HTTP/Basics_of_HTTP/MIME_types/Common_types for a list of valid MIME types. @ http://localhost:8000/assets/index-CRSpZLJs.js:9207
[  278202ms] [WARNING] Skipped "*/*" because it is not a valid MIME type. Check https://developer.mozilla.org/en-US/docs/Web/HTTP/Basics_of_HTTP/MIME_types/Common_types for a list of valid MIME types. @ http://localhost:8000/assets/index-CRSpZLJs.js:9207
[  278257ms] [WARNING] Skipped "*/*" because it is not a valid MIME type. Check https://developer.mozilla.org/en-US/docs/Web/HTTP/Basics_of_HTTP/MIME_types/Common_types for a list of valid MIME types. @ http://localhost:8000/assets/index-CRSpZLJs.js:9207
[  278259ms] [WARNING] Skipped "*/*" because it is not a valid MIME type. Check https://developer.mozilla.org/en-US/docs/Web/HTTP/Basics_of_HTTP/MIME_types/Common_types for a list of valid MIME types. @ http://localhost:8000/assets/index-CRSpZLJs.js:9207
[  280357ms] [WARNING] Skipped "*/*" because it is not a valid MIME type. Check https://developer.mozilla.org/en-US/docs/Web/HTTP/Basics_of_HTTP/MIME_types/Common_types for a list of valid MIME types. @ http://localhost:8000/assets/index-CRSpZLJs.js:9207
[  280359ms] [WARNING] Skipped "*/*" because it is not a valid MIME type. Check https://developer.mozilla.org/en-US/docs/Web/HTTP/Basics_of_HTTP/MIME_types/Common_types for a list of valid MIME types. @ http://localhost:8000/assets/index-CRSpZLJs.js:9207
[  281866ms] [WARNING] Skipped "*/*" because it is not a valid MIME type. Check https://developer.mozilla.org/en-US/docs/Web/HTTP/Basics_of_HTTP/MIME_types/Common_types for a list of valid MIME types. @ http://localhost:8000/assets/index-CRSpZLJs.js:9207
[  281869ms] [WARNING] Skipped "*/*" because it is not a valid MIME type. Check https://developer.mozilla.org/en-US/docs/Web/HTTP/Basics_of_HTTP/MIME_types/Common_types for a list of valid MIME types. @ http://localhost:8000/assets/index-CRSpZLJs.js:9207
[  285180ms] [WARNING] Skipped "*/*" because it is not a valid MIME type. Check https://developer.mozilla.org/en-US/docs/Web/HTTP/Basics_of_HTTP/MIME_types/Common_types for a list of valid MIME types. @ http://localhost:8000/assets/index-CRSpZLJs.js:9207
[  285183ms] [WARNING] Skipped "*/*" because it is not a valid MIME type. Check https://developer.mozilla.org/en-US/docs/Web/HTTP/Basics_of_HTTP/MIME_types/Common_types for a list of valid MIME types. @ http://localhost:8000/assets/index-CRSpZLJs.js:9207
[  285196ms] [WARNING] Skipped "*/*" because it is not a valid MIME type. Check https://developer.mozilla.org/en-US/docs/Web/HTTP/Basics_of_HTTP/MIME_types/Common_types for a list of valid MIME types. @ http://localhost:8000/assets/index-CRSpZLJs.js:9207
[  285199ms] [WARNING] Skipped "*/*" because it is not a valid MIME type. Check https://developer.mozilla.org/en-US/docs/Web/HTTP/Basics_of_HTTP/MIME_types/Common_types for a list of valid MIME types. @ http://localhost:8000/assets/index-CRSpZLJs.js:9207
[  285204ms] [WARNING] Skipped "*/*" because it is not a valid MIME type. Check https://developer.mozilla.org/en-US/docs/Web/HTTP/Basics_of_HTTP/MIME_types/Common_types for a list of valid MIME types. @ http://localhost:8000/assets/index-CRSpZLJs.js:9207
[  285207ms] [WARNING] Skipped "*/*" because it is not a valid MIME type. Check https://developer.mozilla.org/en-US/docs/Web/HTTP/Basics_of_HTTP/MIME_types/Common_types for a list of valid MIME types. @ http://localhost:8000/assets/index-CRSpZLJs.js:9207
[  285261ms] [WARNING] Skipped "*/*" because it is not a valid MIME type. Check https://developer.mozilla.org/en-US/docs/Web/HTTP/Basics_of_HTTP/MIME_types/Common_types for a list of valid MIME types. @ http://localhost:8000/assets/index-CRSpZLJs.js:9207
[  285264ms] [WARNING] Skipped "*/*" because it is not a valid MIME type. Check https://developer.mozilla.org/en-US/docs/Web/HTTP/Basics_of_HTTP/MIME_types/Common_types for a list of valid MIME types. @ http://localhost:8000/assets/index-CRSpZLJs.js:9207
[  300682ms] [WARNING] Skipped "*/*" because it is not a valid MIME type. Check https://developer.mozilla.org/en-US/docs/Web/HTTP/Basics_of_HTTP/MIME_types/Common_types for a list of valid MIME types. @ http://localhost:8000/assets/index-CRSpZLJs.js:9207
[  300692ms] [WARNING] Skipped "*/*" because it is not a valid MIME type. Check https://developer.mozilla.org/en-US/docs/Web/HTTP/Basics_of_HTTP/MIME_types/Common_types for a list of valid MIME types. @ http://localhost:8000/assets/index-CRSpZLJs.js:9207
[  300700ms] [WARNING] Skipped "*/*" because it is not a valid MIME type. Check https://developer.mozilla.org/en-US/docs/Web/HTTP/Basics_of_HTTP/MIME_types/Common_types for a list of valid MIME types. @ http://localhost:8000/assets/index-CRSpZLJs.js:9207
[  300707ms] [WARNING] Skipped "*/*" because it is not a valid MIME type. Check https://developer.mozilla.org/en-US/docs/Web/HTTP/Basics_of_HTTP/MIME_types/Common_types for a list of valid MIME types. @ http://localhost:8000/assets/index-CRSpZLJs.js:9207
[  453328ms] [WARNING] Skipped "*/*" because it is not a valid MIME type. Check https://developer.mozilla.org/en-US/docs/Web/HTTP/Basics_of_HTTP/MIME_types/Common_types for a list of valid MIME types. @ http://localhost:8000/assets/index-CRSpZLJs.js:9207
[  453351ms] [WARNING] Skipped "*/*" because it is not a valid MIME type. Check https://developer.mozilla.org/en-US/docs/Web/HTTP/Basics_of_HTTP/MIME_types/Common_types for a list of valid MIME types. @ http://localhost:8000/assets/index-CRSpZLJs.js:9207
[  453365ms] [WARNING] Skipped "*/*" because it is not a valid MIME type. Check https://developer.mozilla.org/en-US/docs/Web/HTTP/Basics_of_HTTP/MIME_types/Common_types for a list of valid MIME types. @ http://localhost:8000/assets/index-CRSpZLJs.js:9207
[  453383ms] [WARNING] Skipped "*/*" because it is not a valid MIME type. Check https://developer.mozilla.org/en-US/docs/Web/HTTP/Basics_of_HTTP/MIME_types/Common_types for a list of valid MIME types. @ http://localhost:8000/assets/index-CRSpZLJs.js:9207
[  453401ms] [WARNING] Skipped "*/*" because it is not a valid MIME type. Check https://developer.mozilla.org/en-US/docs/Web/HTTP/Basics_of_HTTP/MIME_types/Common_types for a list of valid MIME types. @ http://localhost:8000/assets/index-CRSpZLJs.js:9207
[  453481ms] [WARNING] Skipped "*/*" because it is not a valid MIME type. Check https://developer.mozilla.org/en-US/docs/Web/HTTP/Basics_of_HTTP/MIME_types/Common_types for a list of valid MIME types. @ http://localhost:8000/assets/index-CRSpZLJs.js:9207
[  453487ms] [WARNING] Skipped "*/*" because it is not a valid MIME type. Check https://developer.mozilla.org/en-US/docs/Web/HTTP/Basics_of_HTTP/MIME_types/Common_types for a list of valid MIME types. @ http://localhost:8000/assets/index-CRSpZLJs.js:9207
[  455605ms] [WARNING] Skipped "*/*" because it is not a valid MIME type. Check https://developer.mozilla.org/en-US/docs/Web/HTTP/Basics_of_HTTP/MIME_types/Common_types for a list of valid MIME types. @ http://localhost:8000/assets/index-CRSpZLJs.js:9207
[  455609ms] [WARNING] Skipped "*/*" because it is not a valid MIME type. Check https://developer.mozilla.org/en-US/docs/Web/HTTP/Basics_of_HTTP/MIME_types/Common_types for a list of valid MIME types. @ http://localhost:8000/assets/index-CRSpZLJs.js:9207
[  457230ms] [WARNING] Skipped "*/*" because it is not a valid MIME type. Check https://developer.mozilla.org/en-US/docs/Web/HTTP/Basics_of_HTTP/MIME_types/Common_types for a list of valid MIME types. @ http://localhost:8000/assets/index-CRSpZLJs.js:9207
[  457233ms] [WARNING] Skipped "*/*" because it is not a valid MIME type. Check https://developer.mozilla.org/en-US/docs/Web/HTTP/Basics_of_HTTP/MIME_types/Common_types for a list of valid MIME types. @ http://localhost:8000/assets/index-CRSpZLJs.js:9207
[  458809ms] [WARNING] Skipped "*/*" because it is not a valid MIME type. Check https://developer.mozilla.org/en-US/docs/Web/HTTP/Basics_of_HTTP/MIME_types/Common_types for a list of valid MIME types. @ http://localhost:8000/assets/index-CRSpZLJs.js:9207
[  458812ms] [WARNING] Skipped "*/*" because it is not a valid MIME type. Check https://developer.mozilla.org/en-US/docs/Web/HTTP/Basics_of_HTTP/MIME_types/Common_types for a list of valid MIME types. @ http://localhost:8000/assets/index-CRSpZLJs.js:9207
[  459270ms] [WARNING] Skipped "*/*" because it is not a valid MIME type. Check https://developer.mozilla.org/en-US/docs/Web/HTTP/Basics_of_HTTP/MIME_types/Common_types for a list of valid MIME types. @ http://localhost:8000/assets/index-CRSpZLJs.js:9207
[  459273ms] [WARNING] Skipped "*/*" because it is not a valid MIME type. Check https://developer.mozilla.org/en-US/docs/Web/HTTP/Basics_of_HTTP/MIME_types/Common_types for a list of valid MIME types. @ http://localhost:8000/assets/index-CRSpZLJs.js:9207
[  460909ms] [WARNING] Skipped "*/*" because it is not a valid MIME type. Check https://developer.mozilla.org/en-US/docs/Web/HTTP/Basics_of_HTTP/MIME_types/Common_types for a list of valid MIME types. @ http://localhost:8000/assets/index-CRSpZLJs.js:9207
[  460913ms] [WARNING] Skipped "*/*" because it is not a valid MIME type. Check https://developer.mozilla.org/en-US/docs/Web/HTTP/Basics_of_HTTP/MIME_types/Common_types for a list of valid MIME types. @ http://localhost:8000/assets/index-CRSpZLJs.js:9207
[  460917ms] [WARNING] Skipped "*/*" because it is not a valid MIME type. Check https://developer.mozilla.org/en-US/docs/Web/HTTP/Basics_of_HTTP/MIME_types/Common_types for a list of valid MIME types. @ http://localhost:8000/assets/index-CRSpZLJs.js:9207
[  460927ms] [WARNING] Skipped "*/*" because it is not a valid MIME type. Check https://developer.mozilla.org/en-US/docs/Web/HTTP/Basics_of_HTTP/MIME_types/Common_types for a list of valid MIME types. @ http://localhost:8000/assets/index-CRSpZLJs.js:9207
[  565896ms] [WARNING] Skipped "*/*" because it is not a valid MIME type. Check https://developer.mozilla.org/en-US/docs/Web/HTTP/Basics_of_HTTP/MIME_types/Common_types for a list of valid MIME types. @ http://localhost:8000/assets/index-CRSpZLJs.js:9207
[  565900ms] [WARNING] Skipped "*/*" because it is not a valid MIME type. Check https://developer.mozilla.org/en-US/docs/Web/HTTP/Basics_of_HTTP/MIME_types/Common_types for a list of valid MIME types. @ http://localhost:8000/assets/index-CRSpZLJs.js:9207
[  565900ms] [WARNING] Skipped "*/*" because it is not a valid MIME type. Check https://developer.mozilla.org/en-US/docs/Web/HTTP/Basics_of_HTTP/MIME_types/Common_types for a list of valid MIME types. @ http://localhost:8000/assets/index-CRSpZLJs.js:9207
[  614163ms] [WARNING] Skipped "*/*" because it is not a valid MIME type. Check https://developer.mozilla.org/en-US/docs/Web/HTTP/Basics_of_HTTP/MIME_types/Common_types for a list of valid MIME types. @ http://localhost:8000/assets/index-CRSpZLJs.js:9207
[  614164ms] [WARNING] Skipped "*/*" because it is not a valid MIME type. Check https://developer.mozilla.org/en-US/docs/Web/HTTP/Basics_of_HTTP/MIME_types/Common_types for a list of valid MIME types. @ http://localhost:8000/assets/index-CRSpZLJs.js:9207
[  651551ms] [WARNING] Skipped "*/*" because it is not a valid MIME type. Check https://developer.mozilla.org/en-US/docs/Web/HTTP/Basics_of_HTTP/MIME_types/Common_types for a list of valid MIME types. @ http://localhost:8000/assets/index-CRSpZLJs.js:9207
[  651561ms] [WARNING] Skipped "*/*" because it is not a valid MIME type. Check https://developer.mozilla.org/en-US/docs/Web/HTTP/Basics_of_HTTP/MIME_types/Common_types for a list of valid MIME types. @ http://localhost:8000/assets/index-CRSpZLJs.js:9207
[  651573ms] [WARNING] Skipped "*/*" because it is not a valid MIME type. Check https://developer.mozilla.org/en-US/docs/Web/HTTP/Basics_of_HTTP/MIME_types/Common_types for a list of valid MIME types. @ http://localhost:8000/assets/index-CRSpZLJs.js:9207
[  651585ms] [WARNING] Skipped "*/*" because it is not a valid MIME type. Check https://developer.mozilla.org/en-US/docs/Web/HTTP/Basics_of_HTTP/MIME_types/Common_types for a list of valid MIME types. @ http://localhost:8000/assets/index-CRSpZLJs.js:9207
[  651596ms] [WARNING] Skipped "*/*" because it is not a valid MIME type. Check https://developer.mozilla.org/en-US/docs/Web/HTTP/Basics_of_HTTP/MIME_types/Common_types for a list of valid MIME types. @ http://localhost:8000/assets/index-CRSpZLJs.js:9207
[  651609ms] [WARNING] Skipped "*/*" because it is not a valid MIME type. Check https://developer.mozilla.org/en-US/docs/Web/HTTP/Basics_of_HTTP/MIME_types/Common_types for a list of valid MIME types. @ http://localhost:8000/assets/index-CRSpZLJs.js:9207
[  651657ms] [WARNING] Skipped "*/*" because it is not a valid MIME type. Check https://developer.mozilla.org/en-US/docs/Web/HTTP/Basics_of_HTTP/MIME_types/Common_types for a list of valid MIME types. @ http://localhost:8000/assets/index-CRSpZLJs.js:9207
[  651659ms] [WARNING] Skipped "*/*" because it is not a valid MIME type. Check https://developer.mozilla.org/en-US/docs/Web/HTTP/Basics_of_HTTP/MIME_types/Common_types for a list of valid MIME types. @ http://localhost:8000/assets/index-CRSpZLJs.js:9207
[  654802ms] [WARNING] Skipped "*/*" because it is not a valid MIME type. Check https://developer.mozilla.org/en-US/docs/Web/HTTP/Basics_of_HTTP/MIME_types/Common_types for a list of valid MIME types. @ http://localhost:8000/assets/index-CRSpZLJs.js:9207
[  654805ms] [WARNING] Skipped "*/*" because it is not a valid MIME type. Check https://developer.mozilla.org/en-US/docs/Web/HTTP/Basics_of_HTTP/MIME_types/Common_types for a list of valid MIME types. @ http://localhost:8000/assets/index-CRSpZLJs.js:9207
[  656250ms] [WARNING] Skipped "*/*" because it is not a valid MIME type. Check https://developer.mozilla.org/en-US/docs/Web/HTTP/Basics_of_HTTP/MIME_types/Common_types for a list of valid MIME types. @ http://localhost:8000/assets/index-CRSpZLJs.js:9207
[  656253ms] [WARNING] Skipped "*/*" because it is not a valid MIME type. Check https://developer.mozilla.org/en-US/docs/Web/HTTP/Basics_of_HTTP/MIME_types/Common_types for a list of valid MIME types. @ http://localhost:8000/assets/index-CRSpZLJs.js:9207
[  660515ms] [WARNING] Skipped "*/*" because it is not a valid MIME type. Check https://developer.mozilla.org/en-US/docs/Web/HTTP/Basics_of_HTTP/MIME_types/Common_types for a list of valid MIME types. @ http://localhost:8000/assets/index-CRSpZLJs.js:9207
[  660518ms] [WARNING] Skipped "*/*" because it is not a valid MIME type. Check https://developer.mozilla.org/en-US/docs/Web/HTTP/Basics_of_HTTP/MIME_types/Common_types for a list of valid MIME types. @ http://localhost:8000/assets/index-CRSpZLJs.js:9207
[  660781ms] [WARNING] Skipped "*/*" because it is not a valid MIME type. Check https://developer.mozilla.org/en-US/docs/Web/HTTP/Basics_of_HTTP/MIME_types/Common_types for a list of valid MIME types. @ http://localhost:8000/assets/index-CRSpZLJs.js:9207
[  660783ms] [WARNING] Skipped "*/*" because it is not a valid MIME type. Check https://developer.mozilla.org/en-US/docs/Web/HTTP/Basics_of_HTTP/MIME_types/Common_types for a list of valid MIME types. @ http://localhost:8000/assets/index-CRSpZLJs.js:9207
[  665144ms] [WARNING] Skipped "*/*" because it is not a valid MIME type. Check https://developer.mozilla.org/en-US/docs/Web/HTTP/Basics_of_HTTP/MIME_types/Common_types for a list of valid MIME types. @ http://localhost:8000/assets/index-CRSpZLJs.js:9207
[  665151ms] [WARNING] Skipped "*/*" because it is not a valid MIME type. Check https://developer.mozilla.org/en-US/docs/Web/HTTP/Basics_of_HTTP/MIME_types/Common_types for a list of valid MIME types. @ http://localhost:8000/assets/index-CRSpZLJs.js:9207
[  665159ms] [WARNING] Skipped "*/*" because it is not a valid MIME type. Check https://developer.mozilla.org/en-US/docs/Web/HTTP/Basics_of_HTTP/MIME_types/Common_types for a list of valid MIME types. @ http://localhost:8000/assets/index-CRSpZLJs.js:9207
[  665168ms] [WARNING] Skipped "*/*" because it is not a valid MIME type. Check https://developer.mozilla.org/en-US/docs/Web/HTTP/Basics_of_HTTP/MIME_types/Common_types for a list of valid MIME types. @ http://localhost:8000/assets/index-CRSpZLJs.js:9207
[  724537ms] [WARNING] Skipped "*/*" because it is not a valid MIME type. Check https://developer.mozilla.org/en-US/docs/Web/HTTP/Basics_of_HTTP/MIME_types/Common_types for a list of valid MIME types. @ http://localhost:8000/assets/index-CRSpZLJs.js:9207
[  724561ms] [WARNING] Skipped "*/*" because it is not a valid MIME type. Check https://developer.mozilla.org/en-US/docs/Web/HTTP/Basics_of_HTTP/MIME_types/Common_types for a list of valid MIME types. @ http://localhost:8000/assets/index-CRSpZLJs.js:9207
[  724568ms] [WARNING] Skipped "*/*" because it is not a valid MIME type. Check https://developer.mozilla.org/en-US/docs/Web/HTTP/Basics_of_HTTP/MIME_types/Common_types for a list of valid MIME types. @ http://localhost:8000/assets/index-CRSpZLJs.js:9207
[  724581ms] [WARNING] Skipped "*/*" because it is not a valid MIME type. Check https://developer.mozilla.org/en-US/docs/Web/HTTP/Basics_of_HTTP/MIME_types/Common_types for a list of valid MIME types. @ http://localhost:8000/assets/index-CRSpZLJs.js:9207
[  724594ms] [WARNING] Skipped "*/*" because it is not a valid MIME type. Check https://developer.mozilla.org/en-US/docs/Web/HTTP/Basics_of_HTTP/MIME_types/Common_types for a list of valid MIME types. @ http://localhost:8000/assets/index-CRSpZLJs.js:9207
[  724636ms] [WARNING] Skipped "*/*" because it is not a valid MIME type. Check https://developer.mozilla.org/en-US/docs/Web/HTTP/Basics_of_HTTP/MIME_types/Common_types for a list of valid MIME types. @ http://localhost:8000/assets/index-CRSpZLJs.js:9207
[  724639ms] [WARNING] Skipped "*/*" because it is not a valid MIME type. Check https://developer.mozilla.org/en-US/docs/Web/HTTP/Basics_of_HTTP/MIME_types/Common_types for a list of valid MIME types. @ http://localhost:8000/assets/index-CRSpZLJs.js:9207
[  728236ms] [WARNING] Skipped "*/*" because it is not a valid MIME type. Check https://developer.mozilla.org/en-US/docs/Web/HTTP/Basics_of_HTTP/MIME_types/Common_types for a list of valid MIME types. @ http://localhost:8000/assets/index-CRSpZLJs.js:9207
[  728240ms] [WARNING] Skipped "*/*" because it is not a valid MIME type. Check https://developer.mozilla.org/en-US/docs/Web/HTTP/Basics_of_HTTP/MIME_types/Common_types for a list of valid MIME types. @ http://localhost:8000/assets/index-CRSpZLJs.js:9207
[  728245ms] [WARNING] Skipped "*/*" because it is not a valid MIME type. Check https://developer.mozilla.org/en-US/docs/Web/HTTP/Basics_of_HTTP/MIME_types/Common_types for a list of valid MIME types. @ http://localhost:8000/assets/index-CRSpZLJs.js:9207
[  728253ms] [WARNING] Skipped "*/*" because it is not a valid MIME type. Check https://developer.mozilla.org/en-US/docs/Web/HTTP/Basics_of_HTTP/MIME_types/Common_types for a list of valid MIME types. @ http://localhost:8000/assets/index-CRSpZLJs.js:9207
[  801800ms] [WARNING] Skipped "*/*" because it is not a valid MIME type. Check https://developer.mozilla.org/en-US/docs/Web/HTTP/Basics_of_HTTP/MIME_types/Common_types for a list of valid MIME types. @ http://localhost:8000/assets/index-CRSpZLJs.js:9207
[  801820ms] [WARNING] Skipped "*/*" because it is not a valid MIME type. Check https://developer.mozilla.org/en-US/docs/Web/HTTP/Basics_of_HTTP/MIME_types/Common_types for a list of valid MIME types. @ http://localhost:8000/assets/index-CRSpZLJs.js:9207
[  801829ms] [WARNING] Skipped "*/*" because it is not a valid MIME type. Check https://developer.mozilla.org/en-US/docs/Web/HTTP/Basics_of_HTTP/MIME_types/Common_types for a list of valid MIME types. @ http://localhost:8000/assets/index-CRSpZLJs.js:9207
[  801846ms] [WARNING] Skipped "*/*" because it is not a valid MIME type. Check https://developer.mozilla.org/en-US/docs/Web/HTTP/Basics_of_HTTP/MIME_types/Common_types for a list of valid MIME types. @ http://localhost:8000/assets/index-CRSpZLJs.js:9207
[  801861ms] [WARNING] Skipped "*/*" because it is not a valid MIME type. Check https://developer.mozilla.org/en-US/docs/Web/HTTP/Basics_of_HTTP/MIME_types/Common_types for a list of valid MIME types. @ http://localhost:8000/assets/index-CRSpZLJs.js:9207
[  801920ms] [WARNING] Skipped "*/*" because it is not a valid MIME type. Check https://developer.mozilla.org/en-US/docs/Web/HTTP/Basics_of_HTTP/MIME_types/Common_types for a list of valid MIME types. @ http://localhost:8000/assets/index-CRSpZLJs.js:9207
[  801922ms] [WARNING] Skipped "*/*" because it is not a valid MIME type. Check https://developer.mozilla.org/en-US/docs/Web/HTTP/Basics_of_HTTP/MIME_types/Common_types for a list of valid MIME types. @ http://localhost:8000/assets/index-CRSpZLJs.js:9207
[  804540ms] [WARNING] Skipped "*/*" because it is not a valid MIME type. Check https://developer.mozilla.org/en-US/docs/Web/HTTP/Basics_of_HTTP/MIME_types/Common_types for a list of valid MIME types. @ http://localhost:8000/assets/index-CRSpZLJs.js:9207
[  804544ms] [WARNING] Skipped "*/*" because it is not a valid MIME type. Check https://developer.mozilla.org/en-US/docs/Web/HTTP/Basics_of_HTTP/MIME_types/Common_types for a list of valid MIME types. @ http://localhost:8000/assets/index-CRSpZLJs.js:9207
[  804855ms] [WARNING] Skipped "*/*" because it is not a valid MIME type. Check https://developer.mozilla.org/en-US/docs/Web/HTTP/Basics_of_HTTP/MIME_types/Common_types for a list of valid MIME types. @ http://localhost:8000/assets/index-CRSpZLJs.js:9207
[  804857ms] [WARNING] Skipped "*/*" because it is not a valid MIME type. Check https://developer.mozilla.org/en-US/docs/Web/HTTP/Basics_of_HTTP/MIME_types/Common_types for a list of valid MIME types. @ http://localhost:8000/assets/index-CRSpZLJs.js:9207
[  808279ms] [WARNING] Skipped "*/*" because it is not a valid MIME type. Check https://developer.mozilla.org/en-US/docs/Web/HTTP/Basics_of_HTTP/MIME_types/Common_types for a list of valid MIME types. @ http://localhost:8000/assets/index-CRSpZLJs.js:9207
[  808283ms] [WARNING] Skipped "*/*" because it is not a valid MIME type. Check https://developer.mozilla.org/en-US/docs/Web/HTTP/Basics_of_HTTP/MIME_types/Common_types for a list of valid MIME types. @ http://localhost:8000/assets/index-CRSpZLJs.js:9207
[  808290ms] [WARNING] Skipped "*/*" because it is not a valid MIME type. Check https://developer.mozilla.org/en-US/docs/Web/HTTP/Basics_of_HTTP/MIME_types/Common_types for a list of valid MIME types. @ http://localhost:8000/assets/index-CRSpZLJs.js:9207
[  808304ms] [WARNING] Skipped "*/*" because it is not a valid MIME type. Check https://developer.mozilla.org/en-US/docs/Web/HTTP/Basics_of_HTTP/MIME_types/Common_types for a list of valid MIME types. @ http://localhost:8000/assets/index-CRSpZLJs.js:9207
[  981719ms] [WARNING] Skipped "*/*" because it is not a valid MIME type. Check https://developer.mozilla.org/en-US/docs/Web/HTTP/Basics_of_HTTP/MIME_types/Common_types for a list of valid MIME types. @ http://localhost:8000/assets/index-CRSpZLJs.js:9207
[  981737ms] [WARNING] Skipped "*/*" because it is not a valid MIME type. Check https://developer.mozilla.org/en-US/docs/Web/HTTP/Basics_of_HTTP/MIME_types/Common_types for a list of valid MIME types. @ http://localhost:8000/assets/index-CRSpZLJs.js:9207
[  981750ms] [WARNING] Skipped "*/*" because it is not a valid MIME type. Check https://developer.mozilla.org/en-US/docs/Web/HTTP/Basics_of_HTTP/MIME_types/Common_types for a list of valid MIME types. @ http://localhost:8000/assets/index-CRSpZLJs.js:9207
[  981765ms] [WARNING] Skipped "*/*" because it is not a valid MIME type. Check https://developer.mozilla.org/en-US/docs/Web/HTTP/Basics_of_HTTP/MIME_types/Common_types for a list of valid MIME types. @ http://localhost:8000/assets/index-CRSpZLJs.js:9207
[  981784ms] [WARNING] Skipped "*/*" because it is not a valid MIME type. Check https://developer.mozilla.org/en-US/docs/Web/HTTP/Basics_of_HTTP/MIME_types/Common_types for a list of valid MIME types. @ http://localhost:8000/assets/index-CRSpZLJs.js:9207
[  981819ms] [WARNING] Skipped "*/*" because it is not a valid MIME type. Check https://developer.mozilla.org/en-US/docs/Web/HTTP/Basics_of_HTTP/MIME_types/Common_types for a list of valid MIME types. @ http://localhost:8000/assets/index-CRSpZLJs.js:9207
[  981822ms] [WARNING] Skipped "*/*" because it is not a valid MIME type. Check https://developer.mozilla.org/en-US/docs/Web/HTTP/Basics_of_HTTP/MIME_types/Common_types for a list of valid MIME types. @ http://localhost:8000/assets/index-CRSpZLJs.js:9207
[  988556ms] [WARNING] Skipped "*/*" because it is not a valid MIME type. Check https://developer.mozilla.org/en-US/docs/Web/HTTP/Basics_of_HTTP/MIME_types/Common_types for a list of valid MIME types. @ http://localhost:8000/assets/index-CRSpZLJs.js:9207
[  988562ms] [WARNING] Skipped "*/*" because it is not a valid MIME type. Check https://developer.mozilla.org/en-US/docs/Web/HTTP/Basics_of_HTTP/MIME_types/Common_types for a list of valid MIME types. @ http://localhost:8000/assets/index-CRSpZLJs.js:9207
[  988567ms] [WARNING] Skipped "*/*" because it is not a valid MIME type. Check https://developer.mozilla.org/en-US/docs/Web/HTTP/Basics_of_HTTP/MIME_types/Common_types for a list of valid MIME types. @ http://localhost:8000/assets/index-CRSpZLJs.js:9207
[  988575ms] [WARNING] Skipped "*/*" because it is not a valid MIME type. Check https://developer.mozilla.org/en-US/docs/Web/HTTP/Basics_of_HTTP/MIME_types/Common_types for a list of valid MIME types. @ http://localhost:8000/assets/index-CRSpZLJs.js:9207
